<?xml version="1.0" encoding="UTF-8"?>
<!-- Generated by org.testng.reporters.JUnitReportReporter -->
<testsuite skipped="0" hostname="SJO-533JZW2LT" name="com.qa.testcases.LoginPageTest" tests="2" failures="0" timestamp="2019-12-09T08:46:19 MST" time="36.888" errors="0">
  <testcase name="LoginPageTitleTest" time="20.128" classname="com.qa.testcases.LoginPageTest"/>
  <testcase name="loginTest" time="16.760" classname="com.qa.testcases.LoginPageTest"/>
</testsuite> <!-- com.qa.testcases.LoginPageTest -->
