<?xml version="1.0" encoding="UTF-8"?>
<!-- Generated by org.testng.reporters.JUnitReportReporter -->
<testsuite skipped="0" hostname="SJO-533JZW2LT" name="com.qa.testcases.HomePageTest" tests="7" failures="0" timestamp="2019-12-06T10:57:43 MST" time="149.768" errors="0">
  <testcase name="validateUserLabelPresentOnHomePageTest" time="21.552" classname="com.qa.testcases.HomePageTest"/>
  <testcase name="validateHomePageTitleTest" time="17.711" classname="com.qa.testcases.HomePageTest"/>
  <testcase name="validatClickOnContactsLinkTest" time="22.606" classname="com.qa.testcases.HomePageTest"/>
  <testcase name="validateClickOnReportsLinkTest" time="20.787" classname="com.qa.testcases.HomePageTest"/>
  <testcase name="validateClickOnConversationLinkTest" time="21.999" classname="com.qa.testcases.HomePageTest"/>
  <testcase name="validateclickOnImageIconTest" time="23.695" classname="com.qa.testcases.HomePageTest"/>
  <testcase name="validateSearchBoxTest" time="21.418" classname="com.qa.testcases.HomePageTest"/>
</testsuite> <!-- com.qa.testcases.HomePageTest -->
