<?xml version="1.0" encoding="UTF-8"?>
<!-- Generated by org.testng.reporters.JUnitReportReporter -->
<testsuite skipped="0" hostname="SJO-533JZW2LT" name="com.qa.testcases.SignUpPageTest" tests="1" failures="0" timestamp="2019-12-10T08:08:31 MST" time="20.506" errors="0">
  <testcase name="validateSignUpTest" time="20.506" classname="com.qa.testcases.SignUpPageTest"/>
</testsuite> <!-- com.qa.testcases.SignUpPageTest -->
