<?xml version="1.0" encoding="UTF-8"?>
<!-- Generated by org.testng.reporters.JUnitReportReporter -->
<testsuite skipped="1" hostname="SJO-533JZW2LT" name="com.qa.testcases.ForgotPasswordPageTest" tests="2" failures="0" timestamp="2019-12-10T10:15:36 MST" time="17.093" errors="0">
  <testcase name="goBackToLoginPageTest" time="17.093" classname="com.qa.testcases.ForgotPasswordPageTest"/>
  <testcase name="resetPasswordTest" classname="com.qa.testcases.ForgotPasswordPageTest">
    <skipped/>
  </testcase> <!-- resetPasswordTest -->
</testsuite> <!-- com.qa.testcases.ForgotPasswordPageTest -->
