<?xml version="1.0" encoding="UTF-8"?>
<!-- Generated by org.testng.reporters.JUnitReportReporter -->
<testsuite skipped="1" hostname="SJO-533JZW2LT" name="com.qa.testcases.ContactsPageTest" tests="7" failures="0" timestamp="2019-12-08T13:37:36 MST" time="165.243" errors="0">
  <testcase name="createContactsTest" time="31.259" classname="com.qa.testcases.ContactsPageTest"/>
  <testcase name="createContactsTest" time="25.408" classname="com.qa.testcases.ContactsPageTest"/>
  <testcase name="createContactsTest" time="26.682" classname="com.qa.testcases.ContactsPageTest"/>
  <testcase name="createContactsTest" time="26.278" classname="com.qa.testcases.ContactsPageTest"/>
  <testcase name="createContactsTest" time="27.814" classname="com.qa.testcases.ContactsPageTest"/>
  <testcase name="createContactsTest" time="27.802" classname="com.qa.testcases.ContactsPageTest"/>
  <testcase name="validateContactLabelPresentTest" classname="com.qa.testcases.ContactsPageTest">
    <skipped/>
  </testcase> <!-- validateContactLabelPresentTest -->
</testsuite> <!-- com.qa.testcases.ContactsPageTest -->
