<?xml version="1.0" encoding="UTF-8"?>
<!-- Generated by org.testng.reporters.JUnitReportReporter -->
<testsuite skipped="1" hostname="SJO-533JZW2LT" name="com.qa.testcases.PrivacyPolicyPageTest" tests="2" failures="0" timestamp="2019-12-11T14:04:27 MST" time="18.505" errors="0">
  <testcase name="validateHubSpotPrivacyPolicyTitleTest" time="18.505" classname="com.qa.testcases.PrivacyPolicyPageTest"/>
  <testcase name="validateHubSpotPrivacyPolicyLabelTest" classname="com.qa.testcases.PrivacyPolicyPageTest">
    <skipped/>
  </testcase> <!-- validateHubSpotPrivacyPolicyLabelTest -->
</testsuite> <!-- com.qa.testcases.PrivacyPolicyPageTest -->
