<?xml version="1.0" encoding="UTF-8"?>
<!-- Generated by org.testng.reporters.JUnitReportReporter -->
<testsuite skipped="0" hostname="SJO-533JZW2LT" name="com.qa.testcases.LoginPageTest" tests="2" failures="0" timestamp="2019-12-05T19:47:34 MST" time="37.866" errors="0">
  <testcase name="LoginPageTitleTest" time="16.155" classname="com.qa.testcases.LoginPageTest"/>
  <testcase name="loginTest" time="21.711" classname="com.qa.testcases.LoginPageTest"/>
</testsuite> <!-- com.qa.testcases.LoginPageTest -->
