<?xml version="1.0" encoding="UTF-8"?>
<!-- Generated by org.testng.reporters.JUnitReportReporter -->
<testsuite skipped="1" hostname="SJO-533JZW2LT" name="com.qa.testcases.ForgotPasswordPageTest" tests="2" failures="0" timestamp="2019-12-11T19:40:13 MST" time="17.672" errors="0">
  <testcase name="resetPasswordTest" time="17.672" classname="com.qa.testcases.ForgotPasswordPageTest"/>
  <testcase name="goBackToLoginPageTest" classname="com.qa.testcases.ForgotPasswordPageTest">
    <skipped/>
  </testcase> <!-- goBackToLoginPageTest -->
</testsuite> <!-- com.qa.testcases.ForgotPasswordPageTest -->
